# JRE version: Java(TM) SE Runtime Environment (8.0_121-b13) (build 1.8.0_121-b13)
# Java VM: Java HotSpot(TM) 64-Bit Server VM (25.121-b13 mixed mode windows-amd64 compressed oops)
Heap:
 PSYoungGen      total 306176K, used 61792K [0x00000000eb300000, 0x00000000ff680000, 0x0000000100000000)
  eden space 280576K, 22% used [0x00000000eb300000,0x00000000eef58050,0x00000000fc500000)
  from space 25600K, 0% used [0x00000000fdd80000,0x00000000fdd80000,0x00000000ff680000)
  to   space 25088K, 0% used [0x00000000fc500000,0x00000000fc500000,0x00000000fdd80000)
 ParOldGen       total 77824K, used 62803K [0x00000000c1800000, 0x00000000c6400000, 0x00000000eb300000)
  object space 77824K, 80% used [0x00000000c1800000,0x00000000c5554c18,0x00000000c6400000)
 Metaspace       used 28873K, capacity 30382K, committed 30464K, reserved 1077248K
  class space    used 2752K, capacity 3288K, committed 3328K, reserved 1048576K
GC Heap History (10 events):
Event: 21.149 GC heap before
{Heap before GC invocations=10 (full 0):
 PSYoungGen      total 138752K, used 138752K [0x00000000eb300000, 0x00000000f9b00000, 0x0000000100000000)
  eden space 131072K, 100% used [0x00000000eb300000,0x00000000f3300000,0x00000000f3300000)
  from space 7680K, 100% used [0x00000000f3300000,0x00000000f3a80000,0x00000000f3a80000)
  to   space 13824K, 0% used [0x00000000f8d80000,0x00000000f8d80000,0x00000000f9b00000)
 ParOldGen       total 44032K, used 24168K [0x00000000c1800000, 0x00000000c4300000, 0x00000000eb300000)
  object space 44032K, 54% used [0x00000000c1800000,0x00000000c2f9a2f8,0x00000000c4300000)
 Metaspace       used 19918K, capacity 20580K, committed 20608K, reserved 1067008K
  class space    used 1909K, capacity 2172K, committed 2176K, reserved 1048576K
Event: 21.256 GC heap after
Heap after GC invocations=10 (full 0):
 PSYoungGen      total 215552K, used 13824K [0x00000000eb300000, 0x00000000fab00000, 0x0000000100000000)
  eden space 201728K, 0% used [0x00000000eb300000,0x00000000eb300000,0x00000000f7800000)
  from space 13824K, 100% used [0x00000000f8d80000,0x00000000f9b00000,0x00000000f9b00000)
  to   space 22016K, 0% used [0x00000000f7800000,0x00000000f7800000,0x00000000f8d80000)
 ParOldGen       total 44032K, used 39691K [0x00000000c1800000, 0x00000000c4300000, 0x00000000eb300000)
  object space 44032K, 90% used [0x00000000c1800000,0x00000000c3ec2e40,0x00000000c4300000)
 Metaspace       used 19918K, capacity 20580K, committed 20608K, reserved 1067008K
  class space    used 1909K, capacity 2172K, committed 2176K, reserved 1048576K
}
Event: 21.256 GC heap before
{Heap before GC invocations=11 (full 1):
 PSYoungGen      total 215552K, used 13824K [0x00000000eb300000, 0x00000000fab00000, 0x0000000100000000)
  eden space 201728K, 0% used [0x00000000eb300000,0x00000000eb300000,0x00000000f7800000)
  from space 13824K, 100% used [0x00000000f8d80000,0x00000000f9b00000,0x00000000f9b00000)
  to   space 22016K, 0% used [0x00000000f7800000,0x00000000f7800000,0x00000000f8d80000)
 ParOldGen       total 44032K, used 39691K [0x00000000c1800000, 0x00000000c4300000, 0x00000000eb300000)
  object space 44032K, 90% used [0x00000000c1800000,0x00000000c3ec2e40,0x00000000c4300000)
 Metaspace       used 19918K, capacity 20580K, committed 20608K, reserved 1067008K
  class space    used 1909K, capacity 2172K, committed 2176K, reserved 1048576K
Event: 21.745 GC heap after
Heap after GC invocations=11 (full 1):
 PSYoungGen      total 215552K, used 0K [0x00000000eb300000, 0x00000000fab00000, 0x0000000100000000)
  eden space 201728K, 0% used [0x00000000eb300000,0x00000000eb300000,0x00000000f7800000)
  from space 13824K, 0% used [0x00000000f8d80000,0x00000000f8d80000,0x00000000f9b00000)
  to   space 22016K, 0% used [0x00000000f7800000,0x00000000f7800000,0x00000000f8d80000)
 ParOldGen       total 77824K, used 42822K [0x00000000c1800000, 0x00000000c6400000, 0x00000000eb300000)
  object space 77824K, 55% used [0x00000000c1800000,0x00000000c41d1990,0x00000000c6400000)
 Metaspace       used 19918K, capacity 20580K, committed 20608K, reserved 1067008K
  class space    used 1909K, capacity 2172K, committed 2176K, reserved 1048576K
}
Event: 28.138 GC heap before
{Heap before GC invocations=12 (full 1):
 PSYoungGen      total 215552K, used 201728K [0x00000000eb300000, 0x00000000fab00000, 0x0000000100000000)
  eden space 201728K, 100% used [0x00000000eb300000,0x00000000f7800000,0x00000000f7800000)
  from space 13824K, 0% used [0x00000000f8d80000,0x00000000f8d80000,0x00000000f9b00000)
  to   space 22016K, 0% used [0x00000000f7800000,0x00000000f7800000,0x00000000f8d80000)
 ParOldGen       total 77824K, used 42822K [0x00000000c1800000, 0x00000000c6400000, 0x00000000eb300000)
  object space 77824K, 55% used [0x00000000c1800000,0x00000000c41d1990,0x00000000c6400000)
 Metaspace       used 23722K, capacity 24884K, committed 25088K, reserved 1071104K
  class space    used 2381K, capacity 2797K, committed 2816K, reserved 1048576K
Event: 28.281 GC heap after
Heap after GC invocations=12 (full 1):
 PSYoungGen      total 223744K, used 22009K [0x00000000eb300000, 0x00000000ff700000, 0x0000000100000000)
  eden space 201728K, 0% used [0x00000000eb300000,0x00000000eb300000,0x00000000f7800000)
  from space 22016K, 99% used [0x00000000f7800000,0x00000000f8d7e4d8,0x00000000f8d80000)
  to   space 26112K, 0% used [0x00000000fdd80000,0x00000000fdd80000,0x00000000ff700000)
 ParOldGen       total 77824K, used 44401K [0x00000000c1800000, 0x00000000c6400000, 0x00000000eb300000)
  object space 77824K, 57% used [0x00000000c1800000,0x00000000c435c4b8,0x00000000c6400000)
 Metaspace       used 23722K, capacity 24884K, committed 25088K, reserved 1071104K
  class space    used 2381K, capacity 2797K, committed 2816K, reserved 1048576K
}
Event: 32.595 GC heap before
{Heap before GC invocations=13 (full 1):
 PSYoungGen      total 223744K, used 223737K [0x00000000eb300000, 0x00000000ff700000, 0x0000000100000000)
  eden space 201728K, 100% used [0x00000000eb300000,0x00000000f7800000,0x00000000f7800000)
  from space 22016K, 99% used [0x00000000f7800000,0x00000000f8d7e4d8,0x00000000f8d80000)
  to   space 26112K, 0% used [0x00000000fdd80000,0x00000000fdd80000,0x00000000ff700000)
 ParOldGen       total 77824K, used 44401K [0x00000000c1800000, 0x00000000c6400000, 0x00000000eb300000)
  object space 77824K, 57% used [0x00000000c1800000,0x00000000c435c4b8,0x00000000c6400000)
 Metaspace       used 28184K, capacity 29646K, committed 29952K, reserved 1075200K
  class space    used 2729K, capacity 3256K, committed 3328K, reserved 1048576K
Event: 32.818 GC heap after
Heap after GC invocations=13 (full 1):
 PSYoungGen      total 306176K, used 6317K [0x00000000eb300000, 0x00000000ff680000, 0x0000000100000000)
  eden space 280576K, 0% used [0x00000000eb300000,0x00000000eb300000,0x00000000fc500000)
  from space 25600K, 24% used [0x00000000fdd80000,0x00000000fe3ab768,0x00000000ff680000)
  to   space 25088K, 0% used [0x00000000fc500000,0x00000000fc500000,0x00000000fdd80000)
 ParOldGen       total 77824K, used 64025K [0x00000000c1800000, 0x00000000c6400000, 0x00000000eb300000)
  object space 77824K, 82% used [0x00000000c1800000,0x00000000c5686480,0x00000000c6400000)
 Metaspace       used 28184K, capacity 29646K, committed 29952K, reserved 1075200K
  class space    used 2729K, capacity 3256K, committed 3328K, reserved 1048576K
}
Event: 32.818 GC heap before
{Heap before GC invocations=14 (full 2):
 PSYoungGen      total 306176K, used 6317K [0x00000000eb300000, 0x00000000ff680000, 0x0000000100000000)
  eden space 280576K, 0% used [0x00000000eb300000,0x00000000eb300000,0x00000000fc500000)
  from space 25600K, 24% used [0x00000000fdd80000,0x00000000fe3ab768,0x00000000ff680000)
  to   space 25088K, 0% used [0x00000000fc500000,0x00000000fc500000,0x00000000fdd80000)
 ParOldGen       total 77824K, used 64025K [0x00000000c1800000, 0x00000000c6400000, 0x00000000eb300000)
  object space 77824K, 82% used [0x00000000c1800000,0x00000000c5686480,0x00000000c6400000)
 Metaspace       used 28184K, capacity 29646K, committed 29952K, reserved 1075200K
  class space    used 2729K, capacity 3256K, committed 3328K, reserved 1048576K
Event: 34.220 GC heap after
Heap after GC invocations=14 (full 2):
 PSYoungGen      total 306176K, used 0K [0x00000000eb300000, 0x00000000ff680000, 0x0000000100000000)
  eden space 280576K, 0% used [0x00000000eb300000,0x00000000eb300000,0x00000000fc500000)
  from space 25600K, 0% used [0x00000000fdd80000,0x00000000fdd80000,0x00000000ff680000)
  to   space 25088K, 0% used [0x00000000fc500000,0x00000000fc500000,0x00000000fdd80000)
 ParOldGen       total 77824K, used 62803K [0x00000000c1800000, 0x00000000c6400000, 0x00000000eb300000)
  object space 77824K, 80% used [0x00000000c1800000,0x00000000c5554c18,0x00000000c6400000)
 Metaspace       used 28184K, capacity 29646K, committed 29952K, reserved 1075200K
  class space    used 2729K, capacity 3256K, committed 3328K, reserved 1048576K
}

